c:\users\th\source\repos\pob\somali_pirates_of_crackbieren\somali_pirates_of_crackbieren\x64\debug\vc143.pdb
c:\users\th\source\repos\pob\somali_pirates_of_crackbieren\somali_pirates_of_crackbieren\x64\debug\vc143.idb
c:\users\th\source\repos\pob\somali_pirates_of_crackbieren\somali_pirates_of_crackbieren\x64\debug\game_object.obj
c:\users\th\source\repos\pob\somali_pirates_of_crackbieren\somali_pirates_of_crackbieren\x64\debug\game_menager.obj
c:\users\th\source\repos\pob\somali_pirates_of_crackbieren\somali_pirates_of_crackbieren\x64\debug\main.obj
c:\users\th\source\repos\pob\somali_pirates_of_crackbieren\somali_pirates_of_crackbieren\x64\debug\area.obj
c:\users\th\source\repos\pob\somali_pirates_of_crackbieren\somali_pirates_of_crackbieren\x64\debug\users.obj
c:\users\th\source\repos\pob\somali_pirates_of_crackbieren\somali_pirates_of_crackbieren\x64\debug\player.obj
c:\users\th\source\repos\pob\somali_pirates_of_crackbieren\somali_pirates_of_crackbieren\x64\debug\ai.obj
c:\users\th\source\repos\pob\somali_pirates_of_crackbieren\x64\debug\somali_pirates_of_crackbieren.exe
c:\users\th\source\repos\pob\somali_pirates_of_crackbieren\somali_pirates_of_crackbieren\x64\debug\somali_pirates_of_crackbieren.ilk
c:\users\th\source\repos\pob\somali_pirates_of_crackbieren\x64\debug\somali_pirates_of_crackbieren.pdb
c:\users\th\source\repos\pob\somali_pirates_of_crackbieren\somali_pirates_of_crackbieren\x64\debug\area.obj.enc
c:\users\th\source\repos\pob\somali_pirates_of_crackbieren\somali_pirates_of_crackbieren\x64\debug\main.obj.enc
c:\users\th\source\repos\pob\somali_pirates_of_crackbieren\somali_pirates_of_crackbieren\x64\debug\somali_p.20d04898.tlog\cl.command.1.tlog
c:\users\th\source\repos\pob\somali_pirates_of_crackbieren\somali_pirates_of_crackbieren\x64\debug\somali_p.20d04898.tlog\cl.read.1.tlog
c:\users\th\source\repos\pob\somali_pirates_of_crackbieren\somali_pirates_of_crackbieren\x64\debug\somali_p.20d04898.tlog\cl.write.1.tlog
c:\users\th\source\repos\pob\somali_pirates_of_crackbieren\somali_pirates_of_crackbieren\x64\debug\somali_p.20d04898.tlog\link.command.1.tlog
c:\users\th\source\repos\pob\somali_pirates_of_crackbieren\somali_pirates_of_crackbieren\x64\debug\somali_p.20d04898.tlog\link.read.1.tlog
c:\users\th\source\repos\pob\somali_pirates_of_crackbieren\somali_pirates_of_crackbieren\x64\debug\somali_p.20d04898.tlog\link.write.1.tlog
