  ConsoleApplication3.cpp
C:\Users\TH\source\repos\POB\ConsoleApplication3\ConsoleApplication3\functions.h(34,25): warning C4267: "inicjowanie": konwersja z "size_t" do "int", możliwa utrata danych
C:\Users\TH\source\repos\POB\ConsoleApplication3\ConsoleApplication3\functions.h(76,25): warning C4267: "inicjowanie": konwersja z "size_t" do "int", możliwa utrata danych
C:\Users\TH\source\repos\POB\ConsoleApplication3\ConsoleApplication3\wielomian.h(52,1): warning C4267: "inicjowanie": konwersja z "size_t" do "int", możliwa utrata danych
C:\Users\TH\source\repos\POB\ConsoleApplication3\ConsoleApplication3\wielomian.h(51,1): message : podczas kompilowania funkcji składowej „wielomian<float>::wielomian(std::string)” klasy klasa szablon
C:\Users\TH\source\repos\POB\ConsoleApplication3\ConsoleApplication3\ConsoleApplication3.cpp(33,11): message : zobacz odwołanie do kompilowanego tworzenia wystąpienia „wielomian<float>::wielomian(std::string)” funkcji szablon
C:\Users\TH\source\repos\POB\ConsoleApplication3\ConsoleApplication3\ConsoleApplication3.cpp(11,50): message : zobacz odwołanie do kompilowanego tworzenia wystąpienia „wielomian<float>” klasy klasa szablon
C:\Users\TH\source\repos\POB\ConsoleApplication3\ConsoleApplication3\wielomian.h(68,20): warning C4244: "=": konwersja z "long double" do "int", możliwa utrata danych
C:\Users\TH\source\repos\POB\ConsoleApplication3\ConsoleApplication3\wielomian.h(86,20): warning C4244: "=": konwersja z "long double" do "int", możliwa utrata danych
C:\Users\TH\source\repos\POB\ConsoleApplication3\ConsoleApplication3\wielomian.h(95,15): warning C4244: "=": konwersja z "long double" do "int", możliwa utrata danych
C:\Users\TH\source\repos\POB\ConsoleApplication3\ConsoleApplication3\wielomian.h(107,24): warning C4244: "+=": konwersja z "long double" do "T", możliwa utrata danych
          with
          [
              T=float
          ]
C:\Users\TH\source\repos\POB\ConsoleApplication3\ConsoleApplication3\wielomian.h(112,19): warning C4244: "+=": konwersja z "long double" do "T", możliwa utrata danych
          with
          [
              T=float
          ]
C:\Users\TH\source\repos\POB\ConsoleApplication3\ConsoleApplication3\wielomian.h(118,18): warning C4244: "+=": konwersja z "long double" do "T", możliwa utrata danych
          with
          [
              T=float
          ]
  ConsoleApplication3.vcxproj -> C:\Users\TH\source\repos\POB\ConsoleApplication3\x64\Debug\ConsoleApplication3.exe
